<?xml version="1.0" encoding="UTF-8"?>
<!-- Generated by org.testng.reporters.JUnitReportReporter -->
<testsuite skipped="0" hostname="ATMECSINLT-085" name="com.atmecs.validate_ninja_store.testscripts.TestVerifyHeatClinic" tests="1" failures="0" timestamp="08 Nov 2019 15:27:10 GMT" time="68.423" errors="0">
  <testcase name="verifyHeatClinic" time="68.423" classname="com.atmecs.validate_ninja_store.testscripts.TestVerifyHeatClinic"/>
</testsuite> <!-- com.atmecs.validate_ninja_store.testscripts.TestVerifyHeatClinic -->
